<?xml version="1.0" encoding="UTF-8"?>
<testsuite xmlns:xsi="http://www.w3.org/2001/XMLSchema-instance" xsi:noNamespaceSchemaLocation="https://maven.apache.org/surefire/maven-surefire-plugin/xsd/surefire-test-report.xsd" name="com.mycompany.app.AppTest" time="0.065" tests="1" errors="0" skipped="0" failures="0">
  <properties>
    <property name="java.specification.version" value="19"/>
    <property name="sun.cpu.isalist" value="amd64"/>
    <property name="sun.jnu.encoding" value="Cp1252"/>
    <property name="java.class.path" value="C:\Users\KhuShi\Desktop\Devops_class\Maven_test_project\my-app\target\test-classes;C:\Users\KhuShi\Desktop\Devops_class\Maven_test_project\my-app\target\classes;C:\Users\KhuShi\.m2\repository\junit\junit\4.11\junit-4.11.jar;C:\Users\KhuShi\.m2\repository\org\hamcrest\hamcrest-core\1.3\hamcrest-core-1.3.jar;"/>
    <property name="java.vm.vendor" value="Oracle Corporation"/>
    <property name="sun.arch.data.model" value="64"/>
    <property name="user.variant" value=""/>
    <property name="java.vendor.url" value="https://java.oracle.com/"/>
    <property name="user.timezone" value="Asia/Calcutta"/>
    <property name="os.name" value="Windows 10"/>
    <property name="java.vm.specification.version" value="19"/>
    <property name="sun.java.launcher" value="SUN_STANDARD"/>
    <property name="user.country" value="US"/>
    <property name="sun.boot.library.path" value="C:\Program Files\Java\jdk-19\bin"/>
    <property name="sun.java.command" value="C:\Users\KhuShi\AppData\Local\Temp\surefire11205117131338238396\surefirebooter4492257092218607295.jar C:\Users\KhuShi\AppData\Local\Temp\surefire11205117131338238396 2023-01-03T20-04-46_556-jvmRun1 surefire4184533244795143094tmp surefire_07525147881399453313tmp"/>
    <property name="jdk.debug" value="release"/>
    <property name="surefire.test.class.path" value="C:\Users\KhuShi\Desktop\Devops_class\Maven_test_project\my-app\target\test-classes;C:\Users\KhuShi\Desktop\Devops_class\Maven_test_project\my-app\target\classes;C:\Users\KhuShi\.m2\repository\junit\junit\4.11\junit-4.11.jar;C:\Users\KhuShi\.m2\repository\org\hamcrest\hamcrest-core\1.3\hamcrest-core-1.3.jar;"/>
    <property name="sun.cpu.endian" value="little"/>
    <property name="user.home" value="C:\Users\KhuShi"/>
    <property name="user.language" value="en"/>
    <property name="java.specification.vendor" value="Oracle Corporation"/>
    <property name="java.version.date" value="2022-10-18"/>
    <property name="java.home" value="C:\Program Files\Java\jdk-19"/>
    <property name="file.separator" value="\"/>
    <property name="basedir" value="C:\Users\KhuShi\Desktop\Devops_class\Maven_test_project\my-app"/>
    <property name="java.vm.compressedOopsMode" value="32-bit"/>
    <property name="line.separator" value="&#10;"/>
    <property name="java.vm.specification.vendor" value="Oracle Corporation"/>
    <property name="java.specification.name" value="Java Platform API Specification"/>
    <property name="surefire.real.class.path" value="C:\Users\KhuShi\AppData\Local\Temp\surefire11205117131338238396\surefirebooter4492257092218607295.jar"/>
    <property name="user.script" value=""/>
    <property name="sun.management.compiler" value="HotSpot 64-Bit Tiered Compilers"/>
    <property name="java.runtime.version" value="19.0.1+10-21"/>
    <property name="user.name" value="KhuShi"/>
    <property name="stdout.encoding" value="Cp1252"/>
    <property name="path.separator" value=";"/>
    <property name="os.version" value="10.0"/>
    <property name="java.runtime.name" value="Java(TM) SE Runtime Environment"/>
    <property name="file.encoding" value="UTF-8"/>
    <property name="java.vm.name" value="Java HotSpot(TM) 64-Bit Server VM"/>
    <property name="localRepository" value="C:\Users\KhuShi\.m2\repository"/>
    <property name="java.vendor.url.bug" value="https://bugreport.java.com/bugreport/"/>
    <property name="java.io.tmpdir" value="C:\Users\KhuShi\AppData\Local\Temp\"/>
    <property name="java.version" value="19.0.1"/>
    <property name="user.dir" value="C:\Users\KhuShi\Desktop\Devops_class\Maven_test_project\my-app"/>
    <property name="os.arch" value="amd64"/>
    <property name="java.vm.specification.name" value="Java Virtual Machine Specification"/>
    <property name="sun.os.patch.level" value=""/>
    <property name="native.encoding" value="Cp1252"/>
    <property name="java.library.path" value="C:\Program Files\Java\jdk-19\bin;C:\WINDOWS\Sun\Java\bin;C:\WINDOWS\system32;C:\WINDOWS;C:\Users\KhuShi\bin;C:\Program Files\Git\mingw64\bin;C:\Program Files\Git\usr\local\bin;C:\Program Files\Git\usr\bin;C:\Program Files\Git\usr\bin;C:\Program Files\Git\mingw64\bin;C:\Program Files\Git\usr\bin;C:\Users\KhuShi\bin;C:\Program Files\Common Files\Oracle\Java\javapath;C:\Program Files (x86)\MiKTeX 2.9\miktex\bin;C:\ProgramData\Oracle\Java\javapath;C:\WINDOWS\system32;C:\WINDOWS;C:\WINDOWS\System32\Wbem;C:\WINDOWS\System32\WindowsPowerShell\v1.0;C:\Program Files\dotnet;C:\Program Files\Microsoft SQL Server\130\Tools\Binn;C:\WINDOWS\System32\OpenSSH;C:\Users\KhuShi\Desktop\Devops with AWS;C:\Program Files\Java\jdk-19\bin;C:\apache-maven-3.8.6\bin;C:\Program Files\Git\cmd;C:\Users\KhuShi\Anaconda3;C:\Users\KhuShi\Anaconda3\Library\mingw-w64\bin;C:\Users\KhuShi\Anaconda3\Library\usr\bin;C:\Users\KhuShi\Anaconda3\Library\bin;C:\Users\KhuShi\Anaconda3\Scripts;C:\Users\KhuShi\AppData\Local\Programs\Python\Python37\Scripts;C:\Users\KhuShi\AppData\Local\Programs\Python\Python37;C:\Users\KhuShi\Anaconda3(64 bit);C:\Users\KhuShi\Anaconda3(64 bit)\Library\mingw-w64\bin;C:\Users\KhuShi\Anaconda3(64 bit)\Library\usr\bin;C:\Users\KhuShi\Anaconda3(64 bit)\Library\bin;C:\Users\KhuShi\Anaconda3(64 bit)\Scripts;C:\Users\KhuShi\Anaconda364;C:\Users\KhuShi\Anaconda364\Library\mingw-w64\bin;C:\Users\KhuShi\Anaconda364\Library\usr\bin;C:\Users\KhuShi\Anaconda364\Library\bin;C:\Users\KhuShi\Anaconda364\Scripts;%USERPROFILE%\AppData\Local\Microsoft\WindowsApps;C:\Program Files\Git\usr\bin\vendor_perl;C:\Program Files\Git\usr\bin\core_perl;."/>
    <property name="java.vm.info" value="mixed mode, sharing"/>
    <property name="stderr.encoding" value="Cp1252"/>
    <property name="java.vendor" value="Oracle Corporation"/>
    <property name="java.vm.version" value="19.0.1+10-21"/>
    <property name="sun.io.unicode.encoding" value="UnicodeLittle"/>
    <property name="java.class.version" value="63.0"/>
  </properties>
  <testcase name="shouldAnswerWithTrue" classname="com.mycompany.app.AppTest" time="0.01"/>
</testsuite>